<testsuites id="" name="" tests="6" failures="0" skipped="1" errors="0" time="2.1548410000801086">
<testsuite name="redis.spec.js" timestamp="1690898410874" hostname="" tests="6" failures="0" skipped="1" time="1.808" errors="0">
<testcase name="Test Engine Task Test Engine Task with Valid Inputs (Upload)" classname="[chromium] › redis.spec.js › Test Engine Task › Test Engine Task with Valid Inputs (Upload)" time="1.797">
<system-out>
<![CDATA[Copy test files to portal uploads dir...
]]>
</system-out>
</testcase>
<testcase name="Test Engine Task Invalid Data File (Upload)" classname="[chromium] › redis.spec.js › Test Engine Task › Invalid Data File (Upload)" time="0.003">
</testcase>
<testcase name="Test Engine Task Invalid Model File (Upload)" classname="[chromium] › redis.spec.js › Test Engine Task › Invalid Model File (Upload)" time="0.002">
</testcase>
<testcase name="Test Engine Task Invalid Input Schema (Upload)" classname="[chromium] › redis.spec.js › Test Engine Task › Invalid Input Schema (Upload)" time="0.003">
</testcase>
<testcase name="Test Engine Task Invalid Algorithm ID (Upload)" classname="[chromium] › redis.spec.js › Test Engine Task › Invalid Algorithm ID (Upload)" time="0.003">
</testcase>
<testcase name="Test Engine Service" classname="[chromium] › redis.spec.js › Test Engine Service" time="0">
<properties>
<property name="skip" value="">
</property>
</properties>
<skipped>
</skipped>
</testcase>
</testsuite>
</testsuites>