<testsuites id="" name="" tests="9" failures="1" skipped="2" errors="0" time="0.652867999999784">
<testsuite name="redis.spec.js" timestamp="1684215975325" hostname="" tests="9" failures="1" skipped="2" time="0.072" errors="0">
<testcase name="Test Engine Task Test Engine Task with Valid Inputs (Upload)" classname="[chromium] › redis.spec.js › Test Engine Task › Test Engine Task with Valid Inputs (Upload)" time="0.029">
</testcase>
<testcase name="Test Engine Task Invalid Data File (Upload)" classname="[chromium] › redis.spec.js › Test Engine Task › Invalid Data File (Upload)" time="0.007">
</testcase>
<testcase name="Test Engine Task Invalid Model File (Upload)" classname="[chromium] › redis.spec.js › Test Engine Task › Invalid Model File (Upload)" time="0.003">
</testcase>
<testcase name="Test Engine Task Invalid Input Schema (Upload)" classname="[chromium] › redis.spec.js › Test Engine Task › Invalid Input Schema (Upload)" time="0.006">
</testcase>
<testcase name="Test Engine Task Invalid Algorithm ID (Upload)" classname="[chromium] › redis.spec.js › Test Engine Task › Invalid Algorithm ID (Upload)" time="0.008">
</testcase>
<testcase name="Test Engine Service Validate Dataset" classname="[chromium] › redis.spec.js › Test Engine Service › Validate Dataset" time="0.009">
</testcase>
<testcase name="Test Engine Service Invalid Dataset" classname="[chromium] › redis.spec.js › Test Engine Service › Invalid Dataset" time="0.01">
<failure message="redis.spec.js:255:5 Invalid Dataset" type="FAILURE">
<![CDATA[  [chromium] › redis.spec.js:255:5 › Test Engine Service › Invalid Dataset =========================

    Error: expect(received).toBe(expected) // Object.is equality

    Expected: "invalid"
    Received: undefined

      278 |
      279 |         // Assert Response
    > 280 |         expect(serviceResponse.validationResult).toBe('invalid')
          |                                                  ^
      281 |
      282 |         // Close API Connection
      283 |         await client.close()

        at /home/benflop/GitHub/backend-testing/tests/redis.spec.js:280:50
]]>
</failure>
</testcase>
<testcase name="Test Engine Service Validate Model" classname="[chromium] › redis.spec.js › Test Engine Service › Validate Model" time="0">
<skipped>
</skipped>
</testcase>
<testcase name="Test Engine Service Invalid Model" classname="[chromium] › redis.spec.js › Test Engine Service › Invalid Model" time="0">
<properties>
<property name="skip" value="">
</property>
</properties>
<skipped>
</skipped>
</testcase>
</testsuite>
</testsuites>